<?xml version="1.0" encoding="UTF-8"?>
<testsuite xmlns:xsi="http://www.w3.org/2001/XMLSchema-instance" xsi:noNamespaceSchemaLocation="https://maven.apache.org/surefire/maven-surefire-plugin/xsd/surefire-test-report-3.0.xsd" version="3.0" name="downloader.core.ParallelFileDownloaderTest" time="0.762" tests="8" errors="0" skipped="0" failures="0">
  <properties>
[...]
</properties>
  <testcase name="supportsChunkCountGreaterThanFileSize" classname="downloader.core.ParallelFileDownloaderTest" time="0.355"/>
  <testcase name="rejectsServerWithoutContentLength" classname="downloader.core.ParallelFileDownloaderTest" time="0.019"/>
  <testcase name="downloadsBinaryFileInParallel" classname="downloader.core.ParallelFileDownloaderTest" time="0.079"/>
  <testcase name="rejectsServerReturning200ForRangeRequest" classname="downloader.core.ParallelFileDownloaderTest" time="0.026"/>
  <testcase name="verifiesSha256WhenExpectedChecksumIsProvided" classname="downloader.core.ParallelFileDownloaderTest" time="0.045"/>
  <testcase name="retriesTransientChunkFailures" classname="downloader.core.ParallelFileDownloaderTest" time="0.154"/>
  <testcase name="downloadsTextFileInParallel" classname="downloader.core.ParallelFileDownloaderTest" time="0.034"/>
  <testcase name="rejectsServerWithoutRangeSupport" classname="downloader.core.ParallelFileDownloaderTest" time="0.013"/>
</testsuite>